<?xml version="1.0" encoding="UTF-8"?>
<!-- Generated by org.testng.reporters.JUnitReportReporter -->
<testsuite hostname="CARMEL-QA3L" failures="0" tests="3" name="com.ecommerce.tests.TC_AddAddress_005" time="50.727" errors="0" timestamp="2023-11-17T17:54:39 IST" skipped="0">
  <testcase classname="com.ecommerce.tests.TC_AddAddress_005" name="addAddressFields" time="19.463"/>
  <system-out>
    <![CDATA[Testcase addAddressFields started successfully]]>
  </system-out>
  <testcase classname="com.ecommerce.tests.TC_AddAddress_005" name="addAddressFields" time="17.193"/>
  <system-out>
    <![CDATA[Testcase addAddressFields started successfully]]>
  </system-out>
  <testcase classname="com.ecommerce.tests.TC_AddAddress_005" name="userNavigationAddAddressPage" time="14.071"/>
  <system-out>
    <![CDATA[Testcase userNavigationAddAddressPage started successfully]]>
  </system-out>
</testsuite> <!-- com.ecommerce.tests.TC_AddAddress_005 -->
