<?xml version="1.0" encoding="UTF-8"?>
<!-- Generated by org.testng.reporters.JUnitReportReporter -->
<testsuite hostname="CARMEL-QA3L" failures="0" tests="3" name="com.ecommerce.tests.TC_Login_001" time="37.249" errors="0" timestamp="2023-11-17T17:54:39 IST" skipped="0">
  <testcase classname="com.ecommerce.tests.TC_Login_001" name="loginIntoApplicationTest" time="14.795"/>
  <system-out>
    <![CDATA[Testcase loginIntoApplicationTest started successfully]]>
  </system-out>
  <testcase classname="com.ecommerce.tests.TC_Login_001" name="checkRegisterationSection" time="10.261"/>
  <system-out>
    <![CDATA[Testcase checkRegisterationSection started successfully]]>
  </system-out>
  <testcase classname="com.ecommerce.tests.TC_Login_001" name="invalid" time="12.193"/>
  <system-out>
    <![CDATA[Testcase invalid started successfully]]>
  </system-out>
</testsuite> <!-- com.ecommerce.tests.TC_Login_001 -->
