<?xml version="1.0" encoding="UTF-8"?>
<!-- Generated by org.testng.reporters.JUnitReportReporter -->
<testsuite hostname="CARMEL-QA3L" failures="0" tests="3" name="com.ecommerce.tests.TC_UserPage_002" time="51.809" errors="0" timestamp="2023-11-17T17:54:39 IST" skipped="0">
  <testcase classname="com.ecommerce.tests.TC_UserPage_002" name="validateHeaderLinks" time="16.097"/>
  <system-out>
    <![CDATA[Testcase validateHeaderLinks started successfully]]>
  </system-out>
  <testcase classname="com.ecommerce.tests.TC_UserPage_002" name="checkUserPageLinks" time="21.085"/>
  <system-out>
    <![CDATA[Testcase checkUserPageLinks started successfully]]>
  </system-out>
  <testcase classname="com.ecommerce.tests.TC_UserPage_002" name="validateLogo" time="14.627"/>
  <system-out>
    <![CDATA[Testcase validateLogo started successfully]]>
  </system-out>
</testsuite> <!-- com.ecommerce.tests.TC_UserPage_002 -->
