<?xml version="1.0" encoding="UTF-8"?>
<!-- Generated by org.testng.reporters.JUnitReportReporter -->
<testsuite hostname="CARMEL-QA3L" failures="0" tests="2" name="com.ecommerce.tests.TC_Monitor_004" time="24.593" errors="0" timestamp="2023-11-17T17:54:39 IST" skipped="0">
  <testcase classname="com.ecommerce.tests.TC_Monitor_004" name="checkMonitorsCount" time="12.139"/>
  <system-out>
    <![CDATA[Testcase checkMonitorsCount started successfully]]>
  </system-out>
  <testcase classname="com.ecommerce.tests.TC_Monitor_004" name="navigateToMonitorsPage" time="12.454"/>
  <system-out>
    <![CDATA[Testcase navigateToMonitorsPage started successfully]]>
  </system-out>
</testsuite> <!-- com.ecommerce.tests.TC_Monitor_004 -->
